<< PASS password
<< NICK user
<< USER user user localhost :user
>> :server 001 <nick> :Welcome to the <network> Network, <nick>!<user>@<host>
<< MODE <nick> +i
<< WHOIS user
>> 230 PASS :Password correct
>> 421 'MODE' :Unknown command
>> 421 'WHOIS' :Unknown command
<< PING server
>> PONG
--> lag pong
<< NICK nick2
<< PASS password
<< NICK user
<< USER user user localhost :user
>> :server 001 <nick> :Welcome to the <network> Network, <nick>!<user>@<host>
<< MODE <nick> +i
<< WHOIS user
>> 230 PASS :Password correct
>> 421 'MODE' :Unknown command
>> 421 'WHOIS' :Unknown command
<< PING server
>> PONG
--> lag pong
<< NICK nick2
<< JOIN #test
<< PRIVMSG #test :hello world
>> :nick1!user@user PRIVMSG #test :nice for you
>> KICK #test nick2 
<< PRIVMSG #test :kjl
<< PING server
>> PONG
--> FAILED whois
--> lag pong
<< PING server
>> PONG
--> lag pong
<< PING server
>> PONG
--> lag pong
<< QUIT :leaving
